Using pre-set license
Built from '2020.3/staging' branch; Version is '2020.3.11f1 (99c7afb366b3) revision 10078127'; Using compiler version '192528614'; Build Type 'Release'
OS: 'Windows 10 Home; OS build 19043.1237; Version 2009; 64bit' Language: 'en' Physical Memory: 15731 MB
BatchMode: 1, IsHumanControllingUs: 0, StartBugReporterOnCrash: 0, Is64bit: 1, IsPro: 0

 COMMAND LINE ARGUMENTS:
C:\Program Files\Unity\Hub\Editor\2020.3.11f1\Editor\Unity.exe
-adb2
-batchMode
-noUpm
-name
AssetImportWorker0
-projectPath
C:/Users/denni/Documents/GitHub/Identity-Seeker
-logFile
Logs/AssetImportWorker0.log
-srvPort
52770
Successfully changed project path to: C:/Users/denni/Documents/GitHub/Identity-Seeker
C:/Users/denni/Documents/GitHub/Identity-Seeker
Using Asset Import Pipeline V2.
Refreshing native plugins compatible for Editor in 35.89 ms, found 2 plugins.
Preloading 0 native plugins for Editor in 0.00 ms.
Initialize engine version: 2020.3.11f1 (99c7afb366b3)
[Subsystems] Discovering subsystems at path C:/Program Files/Unity/Hub/Editor/2020.3.11f1/Editor/Data/Resources/UnitySubsystems
[Subsystems] Discovering subsystems at path C:/Users/denni/Documents/GitHub/Identity-Seeker/Assets
GfxDevice: creating device client; threaded=0
Direct3D:
    Version:  Direct3D 11.0 [level 11.1]
    Renderer: NVIDIA GeForce GTX 1660 Ti (ID=0x2191)
    Vendor:   
    VRAM:     5991 MB
    Driver:   30.0.14.7141
Initialize mono
Mono path[0] = 'C:/Program Files/Unity/Hub/Editor/2020.3.11f1/Editor/Data/Managed'
Mono path[1] = 'C:/Program Files/Unity/Hub/Editor/2020.3.11f1/Editor/Data/MonoBleedingEdge/lib/mono/unityjit'
Mono config path = 'C:/Program Files/Unity/Hub/Editor/2020.3.11f1/Editor/Data/MonoBleedingEdge/etc'
Using monoOptions --debugger-agent=transport=dt_socket,embedding=1,server=y,suspend=n,address=127.0.0.1:56732
Begin MonoManager ReloadAssembly
Registering precompiled unity dll's ...
Register platform support module: C:/Program Files/Unity/Hub/Editor/2020.3.11f1/Editor/Data/PlaybackEngines/WebGLSupport/UnityEditor.WebGL.Extensions.dll
Register platform support module: C:/Program Files/Unity/Hub/Editor/2020.3.11f1/Editor/Data/PlaybackEngines/WindowsStandaloneSupport/UnityEditor.WindowsStandalone.Extensions.dll
Registered in 0.002334 seconds.
Native extension for WindowsStandalone target not found
Native extension for WebGL target not found
Refreshing native plugins compatible for Editor in 34.88 ms, found 2 plugins.
Preloading 0 native plugins for Editor in 0.00 ms.
Mono: successfully reloaded assembly
- Completed reload, in  1.138 seconds
Platform modules already initialized, skipping
Registering precompiled user dll's ...
Registered in 0.004248 seconds.
Begin MonoManager ReloadAssembly
Native extension for WindowsStandalone target not found
Native extension for WebGL target not found
Refreshing native plugins compatible for Editor in 33.65 ms, found 2 plugins.
Preloading 0 native plugins for Editor in 0.00 ms.
Mono: successfully reloaded assembly
- Completed reload, in  1.090 seconds
Platform modules already initialized, skipping
========================================================================
Worker process is ready to serve import requests
Launched and connected shader compiler UnityShaderCompiler.exe after 0.06 seconds
Refreshing native plugins compatible for Editor in 0.38 ms, found 2 plugins.
Preloading 0 native plugins for Editor in 0.00 ms.
Unloading 1800 Unused Serialized files (Serialized files now loaded: 0)
System memory in use before: 81.7 MB.
System memory in use after: 81.8 MB.

Unloading 25 unused Assets to reduce memory usage. Loaded Objects now: 2239.
Total: 2.501700 ms (FindLiveObjects: 0.272200 ms CreateObjectMapping: 0.087800 ms MarkObjects: 2.042400 ms  DeleteObjects: 0.097400 ms)

========================================================================
Received Import Request.
  path: Assets/Art_Platformer/character 2.png
  artifactKey: Guid(681da32c9688a4748a9bf2e4c2e4fffe) Importer(815301076,1909f56bfc062723c751e8b465ee728b)
Start importing Assets/Art_Platformer/character 2.png using Guid(681da32c9688a4748a9bf2e4c2e4fffe) Importer(815301076,1909f56bfc062723c751e8b465ee728b)  -> (artifact id: '683f0fb29ad1ad81e593e52cbe3dfb07') in 0.137807 seconds
  Import took 0.141733 seconds .

========================================================================
Received Import Request.
  Time since last request: 0.000862 seconds.
  path: Assets/Art_Platformer/coin.png
  artifactKey: Guid(a9822e57467ec544eaae025f79c7ac6c) Importer(815301076,1909f56bfc062723c751e8b465ee728b)
Start importing Assets/Art_Platformer/coin.png using Guid(a9822e57467ec544eaae025f79c7ac6c) Importer(815301076,1909f56bfc062723c751e8b465ee728b)  -> (artifact id: 'd0daaac0b410790cf4294c445ff9df37') in 0.009838 seconds
  Import took 0.013568 seconds .

========================================================================
Received Import Request.
  Time since last request: 0.000619 seconds.
  path: Assets/Art_Platformer/character 1.png
  artifactKey: Guid(0a9760d367df3604eb128b32703224de) Importer(815301076,1909f56bfc062723c751e8b465ee728b)
Start importing Assets/Art_Platformer/character 1.png using Guid(0a9760d367df3604eb128b32703224de) Importer(815301076,1909f56bfc062723c751e8b465ee728b)  -> (artifact id: '16a940758598ee837fe8262675c95faf') in 0.015742 seconds
  Import took 0.020014 seconds .

========================================================================
Received Import Request.
  Time since last request: 0.000422 seconds.
  path: Assets/Art_Platformer/END.png
  artifactKey: Guid(26fe30951f187a74c97f48a707fa9f6c) Importer(815301076,1909f56bfc062723c751e8b465ee728b)
Start importing Assets/Art_Platformer/END.png using Guid(26fe30951f187a74c97f48a707fa9f6c) Importer(815301076,1909f56bfc062723c751e8b465ee728b)  -> (artifact id: '80b759dbb6c76ad93582e1b65b6ac096') in 0.008908 seconds
  Import took 0.012071 seconds .

========================================================================
Received Import Request.
  Time since last request: 0.000726 seconds.
  path: Assets/Art_Platformer/Who Am I.png
  artifactKey: Guid(ab7ee10e37b9310469062e36c9fac3a6) Importer(815301076,1909f56bfc062723c751e8b465ee728b)
Start importing Assets/Art_Platformer/Who Am I.png using Guid(ab7ee10e37b9310469062e36c9fac3a6) Importer(815301076,1909f56bfc062723c751e8b465ee728b)  -> (artifact id: 'c7f2292ce07e02fa44533f199c96e672') in 0.060766 seconds
  Import took 0.064599 seconds .

========================================================================
Received Import Request.
  Time since last request: 0.000483 seconds.
  path: Assets/Art_Platformer/button.png
  artifactKey: Guid(c7c4a764a2caaf84cb1633657b6a1ed0) Importer(815301076,1909f56bfc062723c751e8b465ee728b)
Start importing Assets/Art_Platformer/button.png using Guid(c7c4a764a2caaf84cb1633657b6a1ed0) Importer(815301076,1909f56bfc062723c751e8b465ee728b)  -> (artifact id: 'f0301d6d568a3ca55254664e3be9ef07') in 0.008773 seconds
  Import took 0.012008 seconds .

AssetImportWorkerClient::OnTransportError - code=2 error=End of file
